update-alternatives 2025-07-01 02:06:37: run with --install /usr/bin/editor editor /usr/bin/vim.basic 30 --slave /usr/share/man/man1/editor.1.gz editor.1.gz /usr/share/man/man1/vim.1.gz --slave /usr/share/man/da/man1/editor.1.gz editor.da.1.gz /usr/share/man/da/man1/vim.1.gz --slave /usr/share/man/de/man1/editor.1.gz editor.de.1.gz /usr/share/man/de/man1/vim.1.gz --slave /usr/share/man/fr/man1/editor.1.gz editor.fr.1.gz /usr/share/man/fr/man1/vim.1.gz --slave /usr/share/man/it/man1/editor.1.gz editor.it.1.gz /usr/share/man/it/man1/vim.1.gz --slave /usr/share/man/ja/man1/editor.1.gz editor.ja.1.gz /usr/share/man/ja/man1/vim.1.gz --slave /usr/share/man/pl/man1/editor.1.gz editor.pl.1.gz /usr/share/man/pl/man1/vim.1.gz --slave /usr/share/man/ru/man1/editor.1.gz editor.ru.1.gz /usr/share/man/ru/man1/vim.1.gz --slave /usr/share/man/tr/man1/editor.1.gz editor.tr.1.gz /usr/share/man/tr/man1/vim.1.gz
update-alternatives 2025-07-01 02:06:37: run with --install /usr/bin/ex ex /usr/bin/vim.basic 30 --slave /usr/share/man/man1/ex.1.gz ex.1.gz /usr/share/man/man1/vim.1.gz --slave /usr/share/man/da/man1/ex.1.gz ex.da.1.gz /usr/share/man/da/man1/vim.1.gz --slave /usr/share/man/de/man1/ex.1.gz ex.de.1.gz /usr/share/man/de/man1/vim.1.gz --slave /usr/share/man/fr/man1/ex.1.gz ex.fr.1.gz /usr/share/man/fr/man1/vim.1.gz --slave /usr/share/man/it/man1/ex.1.gz ex.it.1.gz /usr/share/man/it/man1/vim.1.gz --slave /usr/share/man/ja/man1/ex.1.gz ex.ja.1.gz /usr/share/man/ja/man1/vim.1.gz --slave /usr/share/man/pl/man1/ex.1.gz ex.pl.1.gz /usr/share/man/pl/man1/vim.1.gz --slave /usr/share/man/ru/man1/ex.1.gz ex.ru.1.gz /usr/share/man/ru/man1/vim.1.gz --slave /usr/share/man/tr/man1/ex.1.gz ex.tr.1.gz /usr/share/man/tr/man1/vim.1.gz
update-alternatives 2025-07-01 02:06:37: link group ex updated to point to /usr/bin/vim.basic
update-alternatives 2025-07-01 02:06:37: run with --install /usr/bin/rview rview /usr/bin/vim.basic 30
update-alternatives 2025-07-01 02:06:37: link group rview updated to point to /usr/bin/vim.basic
update-alternatives 2025-07-01 02:06:37: run with --install /usr/bin/rvim rvim /usr/bin/vim.basic 30
update-alternatives 2025-07-01 02:06:37: link group rvim updated to point to /usr/bin/vim.basic
update-alternatives 2025-07-01 02:06:37: run with --install /usr/bin/vi vi /usr/bin/vim.basic 30 --slave /usr/share/man/man1/vi.1.gz vi.1.gz /usr/share/man/man1/vim.1.gz --slave /usr/share/man/da/man1/vi.1.gz vi.da.1.gz /usr/share/man/da/man1/vim.1.gz --slave /usr/share/man/de/man1/vi.1.gz vi.de.1.gz /usr/share/man/de/man1/vim.1.gz --slave /usr/share/man/fr/man1/vi.1.gz vi.fr.1.gz /usr/share/man/fr/man1/vim.1.gz --slave /usr/share/man/it/man1/vi.1.gz vi.it.1.gz /usr/share/man/it/man1/vim.1.gz --slave /usr/share/man/ja/man1/vi.1.gz vi.ja.1.gz /usr/share/man/ja/man1/vim.1.gz --slave /usr/share/man/pl/man1/vi.1.gz vi.pl.1.gz /usr/share/man/pl/man1/vim.1.gz --slave /usr/share/man/ru/man1/vi.1.gz vi.ru.1.gz /usr/share/man/ru/man1/vim.1.gz --slave /usr/share/man/tr/man1/vi.1.gz vi.tr.1.gz /usr/share/man/tr/man1/vim.1.gz
update-alternatives 2025-07-01 02:06:37: link group vi updated to point to /usr/bin/vim.basic
update-alternatives 2025-07-01 02:06:37: run with --install /usr/bin/view view /usr/bin/vim.basic 30 --slave /usr/share/man/man1/view.1.gz view.1.gz /usr/share/man/man1/vim.1.gz --slave /usr/share/man/da/man1/view.1.gz view.da.1.gz /usr/share/man/da/man1/vim.1.gz --slave /usr/share/man/de/man1/view.1.gz view.de.1.gz /usr/share/man/de/man1/vim.1.gz --slave /usr/share/man/fr/man1/view.1.gz view.fr.1.gz /usr/share/man/fr/man1/vim.1.gz --slave /usr/share/man/it/man1/view.1.gz view.it.1.gz /usr/share/man/it/man1/vim.1.gz --slave /usr/share/man/ja/man1/view.1.gz view.ja.1.gz /usr/share/man/ja/man1/vim.1.gz --slave /usr/share/man/pl/man1/view.1.gz view.pl.1.gz /usr/share/man/pl/man1/vim.1.gz --slave /usr/share/man/ru/man1/view.1.gz view.ru.1.gz /usr/share/man/ru/man1/vim.1.gz --slave /usr/share/man/tr/man1/view.1.gz view.tr.1.gz /usr/share/man/tr/man1/vim.1.gz
update-alternatives 2025-07-01 02:06:37: link group view updated to point to /usr/bin/vim.basic
update-alternatives 2025-07-01 02:06:37: run with --install /usr/bin/vim vim /usr/bin/vim.basic 30
update-alternatives 2025-07-01 02:06:37: link group vim updated to point to /usr/bin/vim.basic
update-alternatives 2025-07-01 02:06:37: run with --install /usr/bin/vimdiff vimdiff /usr/bin/vim.basic 30
update-alternatives 2025-07-01 02:06:37: link group vimdiff updated to point to /usr/bin/vim.basic
update-alternatives 2025-07-01 02:17:13: run with --install /usr/bin/php php /usr/bin/php8.2 82 --slave /usr/share/man/man1/php.1.gz php.1.gz /usr/share/man/man1/php8.2.1.gz
update-alternatives 2025-07-01 02:17:13: link group php updated to point to /usr/bin/php8.2
update-alternatives 2025-07-01 02:17:13: run with --install /usr/bin/phar phar /usr/bin/phar8.2 82 --slave /usr/share/man/man1/phar.1.gz phar.1.gz /usr/share/man/man1/phar8.2.1.gz
update-alternatives 2025-07-01 02:17:13: link group phar updated to point to /usr/bin/phar8.2
update-alternatives 2025-07-01 02:17:13: run with --install /usr/bin/phar.phar phar.phar /usr/bin/phar.phar8.2 82 --slave /usr/share/man/man1/phar.phar.1.gz phar.phar.1.gz /usr/share/man/man1/phar.phar8.2.1.gz
update-alternatives 2025-07-01 02:17:13: link group phar.phar updated to point to /usr/bin/phar.phar8.2
update-alternatives 2025-07-01 02:19:53: run with --quiet --install /run/php/php-fpm.sock php-fpm.sock /run/php/php8.2-fpm.sock 82
update-alternatives 2025-07-01 02:19:53: link group php-fpm.sock updated to point to /run/php/php8.2-fpm.sock
update-alternatives 2025-07-01 02:20:05: run with --quiet --install /run/php/php-fpm.sock php-fpm.sock /run/php/php8.2-fpm.sock 82
update-alternatives 2025-07-01 03:54:35: run with --quiet --install /run/php/php-fpm.sock php-fpm.sock /run/php/php8.2-fpm.sock 82
update-alternatives 2025-07-01 03:54:35: auto-repair link group php-fpm.sock
update-alternatives 2025-07-01 23:31:56: run with --quiet --install /run/php/php-fpm.sock php-fpm.sock /run/php/php8.2-fpm.sock 82
update-alternatives 2025-07-01 23:31:56: auto-repair link group php-fpm.sock
update-alternatives 2025-07-03 05:17:05: run with --quiet --install /run/php/php-fpm.sock php-fpm.sock /run/php/php8.2-fpm.sock 82
update-alternatives 2025-07-03 05:17:05: auto-repair link group php-fpm.sock
update-alternatives 2025-07-03 19:45:21: run with --quiet --install /run/php/php-fpm.sock php-fpm.sock /run/php/php8.2-fpm.sock 82
update-alternatives 2025-07-03 19:45:21: auto-repair link group php-fpm.sock
update-alternatives 2025-07-04 05:26:11: run with --quiet --install /run/php/php-fpm.sock php-fpm.sock /run/php/php8.2-fpm.sock 82
update-alternatives 2025-07-04 05:26:11: auto-repair link group php-fpm.sock
update-alternatives 2025-07-04 05:58:45: run with --quiet --install /run/php/php-fpm.sock php-fpm.sock /run/php/php8.2-fpm.sock 82
update-alternatives 2025-07-04 05:58:45: auto-repair link group php-fpm.sock
update-alternatives 2025-07-05 02:02:06: run with --quiet --install /run/php/php-fpm.sock php-fpm.sock /run/php/php8.2-fpm.sock 82
update-alternatives 2025-07-05 02:02:06: auto-repair link group php-fpm.sock
