[01-Jul-2025 02:19:53] NOTICE: fpm is running, pid 11848
[01-Jul-2025 02:19:53] NOTICE: ready to handle connections
[01-Jul-2025 02:19:53] NOTICE: systemd monitor interval set to 10000ms
[01-Jul-2025 02:20:04] NOTICE: Terminating ...
[01-Jul-2025 02:20:04] NOTICE: exiting, bye-bye!
[01-Jul-2025 02:20:05] NOTICE: fpm is running, pid 14794
[01-Jul-2025 02:20:05] NOTICE: ready to handle connections
[01-Jul-2025 02:20:05] NOTICE: systemd monitor interval set to 10000ms
[01-Jul-2025 03:54:35] NOTICE: fpm is running, pid 681
[01-Jul-2025 03:54:35] NOTICE: ready to handle connections
[01-Jul-2025 03:54:35] NOTICE: systemd monitor interval set to 10000ms
[01-Jul-2025 23:31:55] NOTICE: fpm is running, pid 668
[01-Jul-2025 23:31:55] NOTICE: ready to handle connections
[01-Jul-2025 23:31:55] NOTICE: systemd monitor interval set to 10000ms
[03-Jul-2025 05:17:05] NOTICE: fpm is running, pid 648
[03-Jul-2025 05:17:05] NOTICE: ready to handle connections
[03-Jul-2025 05:17:05] NOTICE: systemd monitor interval set to 10000ms
[03-Jul-2025 19:45:21] NOTICE: fpm is running, pid 650
[03-Jul-2025 19:45:21] NOTICE: ready to handle connections
[03-Jul-2025 19:45:21] NOTICE: systemd monitor interval set to 10000ms
[04-Jul-2025 05:26:10] NOTICE: fpm is running, pid 667
[04-Jul-2025 05:26:10] NOTICE: ready to handle connections
[04-Jul-2025 05:26:10] NOTICE: systemd monitor interval set to 10000ms
[04-Jul-2025 05:58:45] NOTICE: fpm is running, pid 669
[04-Jul-2025 05:58:45] NOTICE: ready to handle connections
[04-Jul-2025 05:58:45] NOTICE: systemd monitor interval set to 10000ms
[05-Jul-2025 02:02:06] NOTICE: fpm is running, pid 668
[05-Jul-2025 02:02:06] NOTICE: ready to handle connections
[05-Jul-2025 02:02:06] NOTICE: systemd monitor interval set to 10000ms
