
Start-Date: 2025-07-01  02:06:30
Commandline: apt install vim
Requested-By: rpi4 (1000)
Install: vim:arm64 (2:9.0.1378-2+deb12u2), vim-runtime:arm64 (2:9.0.1378-2+deb12u2, automatic)
End-Date: 2025-07-01  02:06:39

Start-Date: 2025-07-01  02:16:48
Commandline: apt install php
Requested-By: rpi4 (1000)
Install: libaprutil1-dbd-sqlite3:arm64 (1.6.3-1, automatic), php:arm64 (2:8.2+93), libapr1:arm64 (1.7.2-3+deb12u1, automatic), php-common:arm64 (2:93, automatic), libapache2-mod-php8.2:arm64 (8.2.28-1~deb12u1, automatic), php8.2:arm64 (8.2.28-1~deb12u1, automatic), php8.2-opcache:arm64 (8.2.28-1~deb12u1, automatic), apache2-data:arm64 (2.4.62-1~deb12u2, automatic), php8.2-readline:arm64 (8.2.28-1~deb12u1, automatic), apache2-bin:arm64 (2.4.62-1~deb12u2, automatic), libaprutil1:arm64 (1.6.3-1, automatic), apache2-utils:arm64 (2.4.62-1~deb12u2, automatic), apache2:arm64 (2.4.62-1~deb12u2, automatic), php8.2-cli:arm64 (8.2.28-1~deb12u1, automatic), php8.2-common:arm64 (8.2.28-1~deb12u1, automatic), libaprutil1-ldap:arm64 (1.6.3-1, automatic)
End-Date: 2025-07-01  02:17:31

Start-Date: 2025-07-01  02:17:47
Commandline: apt remove apache2
Requested-By: rpi4 (1000)
Remove: apache2:arm64 (2.4.62-1~deb12u2)
End-Date: 2025-07-01  02:17:51

Start-Date: 2025-07-01  02:18:09
Commandline: apt install nginx
Requested-By: rpi4 (1000)
Install: nginx:arm64 (1.22.1-9+deb12u2), nginx-common:arm64 (1.22.1-9+deb12u2, automatic)
End-Date: 2025-07-01  02:18:14

Start-Date: 2025-07-01  02:19:44
Commandline: apt install php8.2-fpm php8.2-mbstring php8.2-mysql php8.2-curl php8.2-gd php8.2-curl php8.2-zip php8.2-xml -y
Install: libonig5:arm64 (6.9.8-1, automatic), php8.2-mysql:arm64 (8.2.28-1~deb12u1), php8.2-mbstring:arm64 (8.2.28-1~deb12u1), php8.2-curl:arm64 (8.2.28-1~deb12u1), libzip4:arm64 (1.7.3-1+b1, automatic), php8.2-gd:arm64 (8.2.28-1~deb12u1), php8.2-fpm:arm64 (8.2.28-1~deb12u1), php8.2-xml:arm64 (8.2.28-1~deb12u1), php8.2-zip:arm64 (8.2.28-1~deb12u1)
End-Date: 2025-07-01  02:20:05
